<?xml version="1.0" encoding="UTF-8"?>
<testsuite xmlns:xsi="http://www.w3.org/2001/XMLSchema-instance" xsi:noNamespaceSchemaLocation="https://maven.apache.org/surefire/maven-surefire-plugin/xsd/surefire-test-report.xsd" version="3.0.2" name="com.monstersinc.stock101.restclient.stock.StockRestClientServiceTest" time="1.618" tests="1" errors="1" skipped="0" failures="0">
  <properties>
[...]
</properties>
  <testcase name="testGetNewsForAAPL" classname="com.monstersinc.stock101.restclient.stock.StockRestClientServiceTest" time="0.886">
    <error message="org.springframework.web.client.HttpClientErrorException$Unauthorized: 401 Unauthorized on GET request for &quot;https://api.polygon.io/v2/reference/news&quot;: &quot;{&quot;status&quot;:&quot;ERROR&quot;,&quot;request_id&quot;:&quot;88870031ebcbad72728d90638630c817&quot;,&quot;error&quot;:&quot;Unknown API Key&quot;}&quot;" type="java.lang.RuntimeException"><![CDATA[java.lang.RuntimeException: org.springframework.web.client.HttpClientErrorException$Unauthorized: 401 Unauthorized on GET request for "https://api.polygon.io/v2/reference/news": "{"status":"ERROR","request_id":"88870031ebcbad72728d90638630c817","error":"Unknown API Key"}"
	at com.monstersinc.stock101.restclient.stock.model.service.StockRestClientServiceImpl.getNews(StockRestClientServiceImpl.java:243)
	at com.monstersinc.stock101.restclient.stock.StockRestClientServiceTest.testGetNewsForAAPL(StockRestClientServiceTest.java:32)
	at java.base/java.lang.reflect.Method.invoke(Method.java:580)
	at java.base/java.util.ArrayList.forEach(ArrayList.java:1596)
	at java.base/java.util.ArrayList.forEach(ArrayList.java:1596)
Caused by: org.springframework.web.client.HttpClientErrorException$Unauthorized: 401 Unauthorized on GET request for "https://api.polygon.io/v2/reference/news": "{"status":"ERROR","request_id":"88870031ebcbad72728d90638630c817","error":"Unknown API Key"}"
	at org.springframework.web.client.HttpClientErrorException.create(HttpClientErrorException.java:106)
	at org.springframework.web.client.DefaultResponseErrorHandler.handleError(DefaultResponseErrorHandler.java:186)
	at org.springframework.web.client.DefaultResponseErrorHandler.handleError(DefaultResponseErrorHandler.java:147)
	at org.springframework.web.client.RestTemplate.handleResponse(RestTemplate.java:953)
	at org.springframework.web.client.RestTemplate.doExecute(RestTemplate.java:902)
	at org.springframework.web.client.RestTemplate.execute(RestTemplate.java:801)
	at org.springframework.web.client.RestTemplate.getForObject(RestTemplate.java:415)
	at com.monstersinc.stock101.restclient.stock.model.service.StockRestClientServiceImpl.getNews(StockRestClientServiceImpl.java:149)
	... 4 more
]]></error>
    <system-out><![CDATA[2025-10-17T11:11:14.974+09:00  INFO 68559 --- [           main] t.c.s.AnnotationConfigContextLoaderUtils : Could not detect default configuration classes for test class [com.monstersinc.stock101.restclient.stock.StockRestClientServiceTest]: StockRestClientServiceTest does not declare any static, non-private, non-final, nested classes annotated with @Configuration.
2025-10-17T11:11:14.987+09:00  INFO 68559 --- [           main] .b.t.c.SpringBootTestContextBootstrapper : Found @SpringBootConfiguration com.monstersinc.stock101.Stock101Application for test class com.monstersinc.stock101.restclient.stock.StockRestClientServiceTest
2025-10-17T11:11:14.988+09:00  INFO 68559 --- [           main] o.s.b.d.r.RestartApplicationListener     : Restart disabled due to context in which it is running

  .   ____          _            __ _ _
 /\\ / ___'_ __ _ _(_)_ __  __ _ \ \ \ \
( ( )\___ | '_ | '_| | '_ \/ _` | \ \ \ \
 \\/  ___)| |_)| | | | | || (_| |  ) ) ) )
  '  |____| .__|_| |_|_| |_\__, | / / / /
 =========|_|==============|___/=/_/_/_/

 :: Spring Boot ::                (v3.5.5)

2025-10-17T11:11:14.997+09:00  INFO 68559 --- [           main] c.m.s.r.s.StockRestClientServiceTest     : Starting StockRestClientServiceTest using Java 21.0.8 with PID 68559 (started by wonseok in /Users/wonseok/Desktop/be18-4th-4team-project/backend)
2025-10-17T11:11:14.997+09:00  INFO 68559 --- [           main] c.m.s.r.s.StockRestClientServiceTest     : No active profile set, falling back to 1 default profile: "default"
2025-10-17T11:11:15.103+09:00  INFO 68559 --- [           main] .s.d.r.c.RepositoryConfigurationDelegate : Multiple Spring Data modules found, entering strict repository configuration mode
2025-10-17T11:11:15.103+09:00  INFO 68559 --- [           main] .s.d.r.c.RepositoryConfigurationDelegate : Bootstrapping Spring Data Redis repositories in DEFAULT mode.
2025-10-17T11:11:15.116+09:00  INFO 68559 --- [           main] .s.d.r.c.RepositoryConfigurationDelegate : Finished Spring Data repository scanning in 11 ms. Found 0 Redis repository interfaces.
2025-10-17T11:11:15.560+09:00  INFO 68559 --- [           main] o.s.b.a.e.web.EndpointLinksResolver      : Exposing 1 endpoint beneath base path '/actuator'
2025-10-17T11:11:15.575+09:00  INFO 68559 --- [           main] r$InitializeUserDetailsManagerConfigurer : Global AuthenticationManager configured with UserDetailsService bean with name userDetailsServiceImpl
2025-10-17T11:11:15.701+09:00  INFO 68559 --- [           main] c.m.s.r.s.StockRestClientServiceTest     : Started StockRestClientServiceTest in 0.713 seconds (process running for 3.121)
]]></system-out>
  </testcase>
</testsuite>